cl : linha de comando warning D9025: substituindo '/sdl' com '/GS-'
cl : linha de comando warning D9025: substituindo '/EHs' com '/EHs-'
cl : linha de comando warning D9002: ignorando opção desconhecida '/FP:strict'
  SanitizePinEnvVars.cpp
  InstMemcmpMask.cpp
  SkewMask.cpp
C:\Users\henri\OneDrive\Documentos\GitHub-UFAM\TOMWare\TOMWare\SkewMask.cpp(60,39): warning C4244: 'argumento': conversão de 'WindowsAPI::LONG64' para 'WindowsAPI::LONG', possível perda de dados
C:\Users\henri\OneDrive\Documentos\GitHub-UFAM\TOMWare\TOMWare\SkewMask.cpp(101,30): warning C4244: '-=': conversão de 'ULONGLONG' para 'WindowsAPI::ULONGLONG', possível perda de dados
  TOMWare.cpp
  Instrumentation.cpp
  InstrumentationUtils.cpp
  Utils.cpp
C:\Users\henri\OneDrive\Documentos\GitHub-UFAM\TOMWare\TOMWare\Utils.cpp(11,20): warning C4244: 'argumento': conversão de 'UINT64' para 'ADDRINT', possível perda de dados
C:\Users\henri\OneDrive\Documentos\GitHub-UFAM\TOMWare\TOMWare\Utils.cpp(265,5): warning C4002: muitos argumentos para a invocação de macro de função 'LOG'
  Gerando Código...
SanitizePinEnvVars.obj : warning LNK4075: ignorando '/EDITANDCONTINUE' devido a especificação '/INCREMENTAL:NO'
     Criando biblioteca C:\Users\henri\OneDrive\Documentos\GitHub-UFAM\TOMWare\Win32\Debug\TOMWare.lib e objeto C:\Users\henri\OneDrive\Documentos\GitHub-UFAM\TOMWare\Win32\Debug\TOMWare.exp
crtbeginS.obj : warning LNK4210: seção .CRT existe; podem existir inicializadores e terminadores estáticos não manipulados
Instrumentation.obj : warning LNK4210: seção .CRT existe; podem existir inicializadores e terminadores estáticos não manipulados
pin.lib(ms_dllcrt.cpp.obj) : warning LNK4210: seção .CRT existe; podem existir inicializadores e terminadores estáticos não manipulados
pin.lib(pin_client.cpp.obj) : warning LNK4210: seção .CRT existe; podem existir inicializadores e terminadores estáticos não manipulados
pin.lib(image.cpp.obj) : warning LNK4210: seção .CRT existe; podem existir inicializadores e terminadores estáticos não manipulados
pin.lib(knob.cpp.obj) : warning LNK4210: seção .CRT existe; podem existir inicializadores e terminadores estáticos não manipulados
pin.lib(message.cpp.obj) : warning LNK4210: seção .CRT existe; podem existir inicializadores e terminadores estáticos não manipulados
pin.lib(util.cpp.obj) : warning LNK4210: seção .CRT existe; podem existir inicializadores e terminadores estáticos não manipulados
pin.lib(lock.cpp.obj) : warning LNK4210: seção .CRT existe; podem existir inicializadores e terminadores estáticos não manipulados
pin.lib(exception.cpp.obj) : warning LNK4210: seção .CRT existe; podem existir inicializadores e terminadores estáticos não manipulados
pin.lib(internal_exception_client.cpp.obj) : warning LNK4210: seção .CRT existe; podem existir inicializadores e terminadores estáticos não manipulados
pin.lib(symbol_win.cpp.obj) : warning LNK4210: seção .CRT existe; podem existir inicializadores e terminadores estáticos não manipulados
pin.lib(debug.cpp.obj) : warning LNK4210: seção .CRT existe; podem existir inicializadores e terminadores estáticos não manipulados
pin.lib(util_windows.cpp.obj) : warning LNK4210: seção .CRT existe; podem existir inicializadores e terminadores estáticos não manipulados
pin.lib(stat.cpp.obj) : warning LNK4210: seção .CRT existe; podem existir inicializadores e terminadores estáticos não manipulados
pin.lib(bigarray.cpp.obj) : warning LNK4210: seção .CRT existe; podem existir inicializadores e terminadores estáticos não manipulados
pin.lib(parser.cpp.obj) : warning LNK4210: seção .CRT existe; podem existir inicializadores e terminadores estáticos não manipulados
pin.lib(version.cpp.obj) : warning LNK4210: seção .CRT existe; podem existir inicializadores e terminadores estáticos não manipulados
pin.lib(reg_ia32.cpp.obj) : warning LNK4210: seção .CRT existe; podem existir inicializadores e terminadores estáticos não manipulados
pin.lib(base_ia32.cpp.obj) : warning LNK4210: seção .CRT existe; podem existir inicializadores e terminadores estáticos não manipulados
pin.lib(sysfuncs_windows.cpp.obj) : warning LNK4210: seção .CRT existe; podem existir inicializadores e terminadores estáticos não manipulados
pin.lib(stripe.cpp.obj) : warning LNK4210: seção .CRT existe; podem existir inicializadores e terminadores estáticos não manipulados
pin.lib(ext.cpp.obj) : warning LNK4210: seção .CRT existe; podem existir inicializadores e terminadores estáticos não manipulados
pin.lib(bbl.cpp.obj) : warning LNK4210: seção .CRT existe; podem existir inicializadores e terminadores estáticos não manipulados
pin.lib(ins.cpp.obj) : warning LNK4210: seção .CRT existe; podem existir inicializadores e terminadores estáticos não manipulados
pin.lib(ins_ia32.cpp.obj) : warning LNK4210: seção .CRT existe; podem existir inicializadores e terminadores estáticos não manipulados
pin.lib(ins_xed_ia32.cpp.obj) : warning LNK4210: seção .CRT existe; podem existir inicializadores e terminadores estáticos não manipulados
pin.lib(calling_standard_ia32.cpp.obj) : warning LNK4210: seção .CRT existe; podem existir inicializadores e terminadores estáticos não manipulados
pin.lib(operand_ia32.cpp.obj) : warning LNK4210: seção .CRT existe; podem existir inicializadores e terminadores estáticos não manipulados
pin.lib(ins_api_xed_ia32.cpp.obj) : warning LNK4210: seção .CRT existe; podem existir inicializadores e terminadores estáticos não manipulados
pin.lib(vmtool.cpp.obj) : warning LNK4210: seção .CRT existe; podem existir inicializadores e terminadores estáticos não manipulados
pin.lib(thread_client.cpp.obj) : warning LNK4210: seção .CRT existe; podem existir inicializadores e terminadores estáticos não manipulados
pin.lib(debugger_client.cpp.obj) : warning LNK4210: seção .CRT existe; podem existir inicializadores e terminadores estáticos não manipulados
pin.lib(opin_client.cpp.obj) : warning LNK4210: seção .CRT existe; podem existir inicializadores e terminadores estáticos não manipulados
pin.lib(tls_client.cpp.obj) : warning LNK4210: seção .CRT existe; podem existir inicializadores e terminadores estáticos não manipulados
pin.lib(child_process_client.cpp.obj) : warning LNK4210: seção .CRT existe; podem existir inicializadores e terminadores estáticos não manipulados
pin.lib(pin_jit.cpp.obj) : warning LNK4210: seção .CRT existe; podem existir inicializadores e terminadores estáticos não manipulados
pin.lib(image_win.cpp.obj) : warning LNK4210: seção .CRT existe; podem existir inicializadores e terminadores estáticos não manipulados
pin.lib(aoti.cpp.obj) : warning LNK4210: seção .CRT existe; podem existir inicializadores e terminadores estáticos não manipulados
pin.lib(complexlock.cpp.obj) : warning LNK4210: seção .CRT existe; podem existir inicializadores e terminadores estáticos não manipulados
pin.lib(rtn.cpp.obj) : warning LNK4210: seção .CRT existe; podem existir inicializadores e terminadores estáticos não manipulados
pin.lib(app.cpp.obj) : warning LNK4210: seção .CRT existe; podem existir inicializadores e terminadores estáticos não manipulados
pin.lib(sec.cpp.obj) : warning LNK4210: seção .CRT existe; podem existir inicializadores e terminadores estáticos não manipulados
pin.lib(img.cpp.obj) : warning LNK4210: seção .CRT existe; podem existir inicializadores e terminadores estáticos não manipulados
pin.lib(sym.cpp.obj) : warning LNK4210: seção .CRT existe; podem existir inicializadores e terminadores estáticos não manipulados
pin.lib(symbol_elf.cpp.obj) : warning LNK4210: seção .CRT existe; podem existir inicializadores e terminadores estáticos não manipulados
pin.lib(edg.cpp.obj) : warning LNK4210: seção .CRT existe; podem existir inicializadores e terminadores estáticos não manipulados
pin.lib(sm_dbginfo.cpp.obj) : warning LNK4210: seção .CRT existe; podem existir inicializadores e terminadores estáticos não manipulados
pin.lib(sm_ipc.cpp.obj) : warning LNK4210: seção .CRT existe; podem existir inicializadores e terminadores estáticos não manipulados
pin.lib(sm_client.cpp.obj) : warning LNK4210: seção .CRT existe; podem existir inicializadores e terminadores estáticos não manipulados
pin.lib(debug_win.cpp.obj) : warning LNK4210: seção .CRT existe; podem existir inicializadores e terminadores estáticos não manipulados
pin.lib(util_unicode_windows.cpp.obj) : warning LNK4210: seção .CRT existe; podem existir inicializadores e terminadores estáticos não manipulados
pin.lib(tool_mmap.cpp.obj) : warning LNK4210: seção .CRT existe; podem existir inicializadores e terminadores estáticos não manipulados
pin.lib(cpu_info_ia32.cpp.obj) : warning LNK4210: seção .CRT existe; podem existir inicializadores e terminadores estáticos não manipulados
pin.lib(chunk.cpp.obj) : warning LNK4210: seção .CRT existe; podem existir inicializadores e terminadores estáticos não manipulados
pin.lib(rel.cpp.obj) : warning LNK4210: seção .CRT existe; podem existir inicializadores e terminadores estáticos não manipulados
pin.lib(val.cpp.obj) : warning LNK4210: seção .CRT existe; podem existir inicializadores e terminadores estáticos não manipulados
pin.lib(comment.cpp.obj) : warning LNK4210: seção .CRT existe; podem existir inicializadores e terminadores estáticos não manipulados
pin.lib(cfg.cpp.obj) : warning LNK4210: seção .CRT existe; podem existir inicializadores e terminadores estáticos não manipulados
pin.lib(ins_map_ia32.cpp.obj) : warning LNK4210: seção .CRT existe; podem existir inicializadores e terminadores estáticos não manipulados
pin.lib(ins_inits_api_xed_ia32.cpp.obj) : warning LNK4210: seção .CRT existe; podem existir inicializadores e terminadores estáticos não manipulados
pin.lib(flags_ia32.cpp.obj) : warning LNK4210: seção .CRT existe; podem existir inicializadores e terminadores estáticos não manipulados
pin.lib(regset_ia32.cpp.obj) : warning LNK4210: seção .CRT existe; podem existir inicializadores e terminadores estáticos não manipulados
pin.lib(reg_partial_ia32.cpp.obj) : warning LNK4210: seção .CRT existe; podem existir inicializadores e terminadores estáticos não manipulados
pin.lib(ins_syscall_ia32_windows.cpp.obj) : warning LNK4210: seção .CRT existe; podem existir inicializadores e terminadores estáticos não manipulados
pin.lib(child_process.cpp.obj) : warning LNK4210: seção .CRT existe; podem existir inicializadores e terminadores estáticos não manipulados
pin.lib(elf_parser.cpp.obj) : warning LNK4210: seção .CRT existe; podem existir inicializadores e terminadores estáticos não manipulados
pin.lib(follow_child_win_probe.cpp.obj) : warning LNK4210: seção .CRT existe; podem existir inicializadores e terminadores estáticos não manipulados
pin.lib(dll_load_win_probe.cpp.obj) : warning LNK4210: seção .CRT existe; podem existir inicializadores e terminadores estáticos não manipulados
pin.lib(modules_win.cpp.obj) : warning LNK4210: seção .CRT existe; podem existir inicializadores e terminadores estáticos não manipulados
pin.lib(elf_windows.cpp.obj) : warning LNK4210: seção .CRT existe; podem existir inicializadores e terminadores estáticos não manipulados
pin.lib(reg.cpp.obj) : warning LNK4210: seção .CRT existe; podem existir inicializadores e terminadores estáticos não manipulados
pin.lib(cfg_ia32.cpp.obj) : warning LNK4210: seção .CRT existe; podem existir inicializadores e terminadores estáticos não manipulados
pin.lib(ins_reuse_ia32.cpp.obj) : warning LNK4210: seção .CRT existe; podem existir inicializadores e terminadores estáticos não manipulados
crtbeginS.obj : warning LNK4210: seção .CRT existe; podem existir inicializadores e terminadores estáticos não manipulados
  TOMWare.vcxproj -> C:\Users\henri\OneDrive\Documentos\GitHub-UFAM\TOMWare\Win32\Debug\TOMWare.dll
