c:\users\henri\onedrive\documentos\github-ufam\tomware\tomware\win32\debug\vc142.pdb
c:\users\henri\onedrive\documentos\github-ufam\tomware\tomware\win32\debug\vc142.idb
c:\users\henri\onedrive\documentos\github-ufam\tomware\tomware\win32\debug\utils.obj
c:\users\henri\onedrive\documentos\github-ufam\tomware\tomware\win32\debug\instrumentationutils.obj
c:\users\henri\onedrive\documentos\github-ufam\tomware\tomware\win32\debug\instrumentation.obj
c:\users\henri\onedrive\documentos\github-ufam\tomware\tomware\win32\debug\tomware.obj
c:\users\henri\onedrive\documentos\github-ufam\tomware\tomware\win32\debug\skewmask.obj
c:\users\henri\onedrive\documentos\github-ufam\tomware\tomware\win32\debug\instmemcmpmask.obj
c:\users\henri\onedrive\documentos\github-ufam\tomware\tomware\win32\debug\sanitizepinenvvars.obj
c:\users\henri\onedrive\documentos\github-ufam\tomware\win32\debug\tomware.dll
c:\users\henri\onedrive\documentos\github-ufam\tomware\win32\debug\tomware.pdb
c:\users\henri\onedrive\documentos\github-ufam\tomware\win32\debug\tomware.lib
c:\users\henri\onedrive\documentos\github-ufam\tomware\win32\debug\tomware.exp
c:\users\henri\onedrive\documentos\github-ufam\tomware\tomware\win32\debug\tomware.tlog\cl.command.1.tlog
c:\users\henri\onedrive\documentos\github-ufam\tomware\tomware\win32\debug\tomware.tlog\cl.read.1.tlog
c:\users\henri\onedrive\documentos\github-ufam\tomware\tomware\win32\debug\tomware.tlog\cl.write.1.tlog
c:\users\henri\onedrive\documentos\github-ufam\tomware\tomware\win32\debug\tomware.tlog\link.command.1.tlog
c:\users\henri\onedrive\documentos\github-ufam\tomware\tomware\win32\debug\tomware.tlog\link.read.1.tlog
c:\users\henri\onedrive\documentos\github-ufam\tomware\tomware\win32\debug\tomware.tlog\link.write.1.tlog
c:\users\henri\onedrive\documentos\github-ufam\tomware\tomware\win32\debug\tomware.tlog\tomware.write.1u.tlog
